[demos.jquerymobile.com/1.3.0/docs/widgets/panels/panel-fixed.html]
[backblue.gif]
[fade.gif]
[index.html]
[demos.jquerymobile.com/1.3.0/docs/widgets/panels/panel-fixed.html]
[code.jquery.com/jquery-1.7.1.min.js]
[demos.jquerymobile.com/1.3.0/css/themes/default/images/icons-18-white.png]
[demos.jquerymobile.com/1.3.0/docs/widgets/panels/index.html]
[demos.jquerymobile.com/1.3.0/css/themes/default/images/icons-18-black.png]
[demos.jquerymobile.com/1.3.0/css/themes/default/images/icons-36-white.png]
[demos.jquerymobile.com/1.3.0/css/themes/default/images/icons-36-black.png]
[demos.jquerymobile.com/1.3.0/css/themes/default/images/ajax-loader.gif]
[demos.jquerymobile.com/1.3.0/css/themes/default/jquery.mobile-1.3.0.css]
[demos.jquerymobile.com/1.3.0/docs/_assets/css/jqm_demo-icons-sd.png]
[demos.jquerymobile.com/1.3.0/docs/_assets/css/jqm_demo-icons-hd.png]
[demos.jquerymobile.com/1.3.0/docs/_assets/css/jqm-demos.css]
[code.jquery.com/jquery-1.7.1.min.js]
[demos.jquerymobile.com/1.3.0/docs/_assets/js/jquery.mobile.demos.js]
[demos.jquerymobile.com/1.3.0/docs/widgets/panels/index-2.html]
[demos.jquerymobile.com/1.3.0/js/jquery.mobile-1.3.0.js]
[demos.jquerymobile.com/1.3.0/docs/_assets/img/jquery-logo.png]
[demos.jquerymobile.com/1.3.0/docs/widgets/panels/widgets/headers/bars-fixed.html]
[demos.jquerymobile.com/1.3.0/docs/widgets/panels/widgets/accordions/index.html]
[demos.jquerymobile.com/1.3.0/docs/widgets/panels/widgets/sliders/switch.html]
[demos.jquerymobile.com/1.3.0/docs/widgets/panels/widgets/navigation/index.html]
[demos.jquerymobile.com/1.3.0/docs/widgets/panels/widgets/autocomplete/index.html]
[demos.jquerymobile.com/1.3.0/docs/widgets/panels/widgets/buttons/index.html]
[demos.jquerymobile.com/1.3.0/docs/widgets/panels/widgets/navbar/footer-persist-a.12.delayed]
[demos.jquerymobile.com/1.3.0/docs/widgets/panels/widgets/checkbox/index.html]
[demos.jquerymobile.com/1.3.0/docs/widgets/panels/widgets/sliders/rangeslider.html]
[demos.jquerymobile.com/1.3.0/docs/widgets/panels/widgets/collapsibles/index.html]
[demos.jquerymobile.com/1.3.0/docs/widgets/panels/examples/collapsibles/dynamic-collapsible.html]
[demos.jquerymobile.com/1.3.0/docs/widgets/panels/widgets/controlgroups/index.html]
[demos.jquerymobile.com/1.3.0/docs/widgets/panels/widgets/dialog/index.html]
[demos.jquerymobile.com/1.3.0/docs/widgets/panels/examples/controlgroups/dynamic-controlgroup.15.delayed]
[demos.jquerymobile.com/1.3.0/docs/widgets/panels/widgets/footers/index.html]
[demos.jquerymobile.com/1.3.0/docs/widgets/panels/widgets/forms/index.html]
[demos.jquerymobile.com/1.3.0/docs/widgets/panels/widgets/grids/index.html]
[demos.jquerymobile.com/1.3.0/docs/widgets/panels/examples/listviews/grid-listview.html]
[demos.jquerymobile.com/1.3.0/docs/widgets/panels/widgets/headers/index.html]
[demos.jquerymobile.com/1.3.0/docs/widgets/panels/widgets/icons/index.html]
[demos.jquerymobile.com/1.3.0/docs/widgets/panels/widgets/links/index.html]
[demos.jquerymobile.com/1.3.0/docs/widgets/panels/examples/listviews/autodividers-linkbar.html]
[demos.jquerymobile.com/1.3.0/docs/widgets/panels/widgets/listviews/index.html]
[demos.jquerymobile.com/1.3.0/docs/widgets/panels/examples/listviews/autodividers-selector.html]
[demos.jquerymobile.com/1.3.0/docs/widgets/panels/widgets/loader/index.html]
[demos.jquerymobile.com/1.3.0/docs/widgets/panels/examples/backbone-require/index.html]
[demos.jquerymobile.com/1.3.0/docs/widgets/panels/widgets/navbar/index.html]
[demos.jquerymobile.com/1.3.0/docs/widgets/panels/widgets/pages/index.html]
[demos.jquerymobile.com/1.3.0/docs/widgets/panels/examples/panels/panel-styling.1a.delayed]
[demos.jquerymobile.com/1.3.0/docs/widgets/panels/widgets/panels/index.html]
[demos.jquerymobile.com/1.3.0/docs/widgets/panels/widgets/popup/index.html]
[demos.jquerymobile.com/1.3.0/docs/widgets/panels/examples/panels/panel-swipe-open.html]
[demos.jquerymobile.com/1.3.0/docs/widgets/panels/widgets/radiobuttons/index.html]
[demos.jquerymobile.com/1.3.0/docs/widgets/panels/examples/popups/dynamic-popup.html]
[demos.jquerymobile.com/1.3.0/docs/widgets/panels/widgets/selects/index.html]
[demos.jquerymobile.com/1.3.0/docs/widgets/panels/examples/popups/arrow.html]
[demos.jquerymobile.com/1.3.0/docs/widgets/panels/widgets/sliders/index.html]
[demos.jquerymobile.com/1.3.0/docs/widgets/panels/widgets/table-column-toggle/index.html]
[demos.jquerymobile.com/1.3.0/docs/widgets/panels/examples/tables/movie-list.1e.delayed]
[demos.jquerymobile.com/1.3.0/docs/widgets/panels/widgets/table-reflow/index.html]
[demos.jquerymobile.com/1.3.0/docs/widgets/panels/widgets/textinputs/index.html]
[demos.jquerymobile.com/1.3.0/docs/widgets/panels/examples/tables/financial-grouped-reflow.html]
[demos.jquerymobile.com/1.3.0/docs/widgets/panels/widgets/transitions/index.html]
[demos.jquerymobile.com/1.3.0/docs/widgets/panels/examples/tables/movie-list-toggle-options.html]
[demos.jquerymobile.com/1.3.0/docs/widgets/panels/examples/redirect/index.html]
[demos.jquerymobile.com/1.3.0/docs/widgets/panels/examples/tables/financial-grouped-columns.html]
[demos.jquerymobile.com/1.3.0/docs/widgets/panels/examples/tables/phone-compare.html]
[demos.jquerymobile.com/1.3.0/docs/widgets/panels/examples/slider/tooltip.html]
[demos.jquerymobile.com/1.3.0/docs/widgets/panels/examples/swipe/swipe-page.html]
[demos.jquerymobile.com/1.3.0/docs/widgets/panels/examples/swipe/swipe-list.html]
[demos.jquerymobile.com/1.3.0/docs/widgets/panels/faq/question-template.html]
[demos.jquerymobile.com/1.3.0/docs/widgets/panels/faq/updating-the-value-of-enhanced-form-elements-does-not-work.html]
[demos.jquerymobile.com/1.3.0/docs/widgets/panels/faq/my-html-5-inputs-look-different-in-browsers.html]
[demos.jquerymobile.com/1.3.0/docs/widgets/panels/faq/my-range-search-input-type-is-being-changed.html]
[demos.jquerymobile.com/1.3.0/docs/widgets/panels/faq/sometimes-custom-select-shows-as-dialog-popup.html]
[demos.jquerymobile.com/1.3.0/docs/widgets/panels/faq/disabling-a-button-does-not-work.html]
[demos.jquerymobile.com/1.3.0/docs/widgets/panels/faq/controls-in-header-footer.html]
[demos.jquerymobile.com/1.3.0/docs/widgets/panels/faq/scripts-and-styles-not-loading.html]
[demos.jquerymobile.com/1.3.0/docs/widgets/panels/faq/dom-ready-not-working.html]
[demos.jquerymobile.com/1.3.0/docs/widgets/panels/faq/how-do-i-load-a-page.html]
[demos.jquerymobile.com/1.3.0/docs/widgets/panels/faq/why-is-only-the-first-page-loaded.html]
[demos.jquerymobile.com/1.3.0/docs/widgets/panels/faq/pass-query-params-to-page.html]
[demos.jquerymobile.com/1.3.0/docs/widgets/panels/faq/pass-via-the-hash-to-page.html]
[demos.jquerymobile.com/1.3.0/docs/widgets/panels/faq/the-application-cache-is-not-working.html]
[demos.jquerymobile.com/1.3.0/docs/widgets/panels/faq/injected-content-is-not-enhanced.html]
[demos.jquerymobile.com/1.3.0/docs/widgets/panels/faq/triggering-create-on-injected-content-does-not-work.html]
[demos.jquerymobile.com/1.3.0/docs/widgets/panels/faq/how-can-i-stop-auto-enhancement-of-elements.html]
[demos.jquerymobile.com/1.3.0/docs/widgets/panels/faq/how-can-i-stop-auto-enhancement-of-a-block-of-elements.html]
[demos.jquerymobile.com/1.3.0/docs/widgets/panels/faq/how-do-i-control-page-titles.html]
[demos.jquerymobile.com/1.3.0/docs/widgets/panels/faq/how-do-i-use-touch-mouse-events.html]
[demos.jquerymobile.com/1.3.0/docs/widgets/panels/faq/how-does-theming-work.html]
[demos.jquerymobile.com/1.3.0/docs/widgets/panels/faq/how-configure-phonegap-cordova.html]
[demos.jquerymobile.com/1.3.0/docs/widgets/panels/intro/rwd.html]
[demos.jquerymobile.com/1.3.0/docs/widgets/panels/index.html]
[demos.jquerymobile.com/1.3.0/docs/widgets/panels/index-2.html]
[demos.jquerymobile.com/1.3.0/docs/widgets/panels/widgets/accordions/index.html]
[demos.jquerymobile.com/1.3.0/docs/widgets/panels/widgets/navigation/index.html]
[demos.jquerymobile.com/1.3.0/docs/widgets/panels/widgets/autocomplete/index.html]
[demos.jquerymobile.com/1.3.0/docs/widgets/panels/widgets/buttons/index.html]
[demos.jquerymobile.com/1.3.0/docs/widgets/panels/widgets/checkbox/index.html]
[demos.jquerymobile.com/1.3.0/docs/widgets/panels/widgets/collapsibles/index.html]
[demos.jquerymobile.com/1.3.0/docs/widgets/panels/widgets/controlgroups/index.html]
[demos.jquerymobile.com/1.3.0/docs/widgets/panels/widgets/dialog/index.html]
[demos.jquerymobile.com/1.3.0/docs/widgets/panels/widgets/headers/bars-fixed.html]
[demos.jquerymobile.com/1.3.0/docs/widgets/panels/widgets/sliders/switch.html]
[demos.jquerymobile.com/1.3.0/docs/widgets/panels/widgets/footers/index.html]
[demos.jquerymobile.com/1.3.0/docs/widgets/panels/widgets/forms/index.html]
[demos.jquerymobile.com/1.3.0/docs/widgets/panels/widgets/grids/index.html]
[demos.jquerymobile.com/1.3.0/docs/widgets/panels/widgets/headers/index.html]
[demos.jquerymobile.com/1.3.0/docs/widgets/panels/widgets/icons/index.html]
[demos.jquerymobile.com/1.3.0/docs/widgets/panels/widgets/links/index.html]
[demos.jquerymobile.com/1.3.0/docs/widgets/panels/widgets/listviews/index.html]
[demos.jquerymobile.com/1.3.0/docs/widgets/panels/widgets/loader/index.html]
[demos.jquerymobile.com/1.3.0/docs/widgets/panels/widgets/navbar/index.html]
[demos.jquerymobile.com/1.3.0/docs/widgets/panels/widgets/navbar/footer-persist-a.html]
[demos.jquerymobile.com/1.3.0/docs/widgets/panels/widgets/pages/index.html]
[demos.jquerymobile.com/1.3.0/docs/widgets/panels/widgets/panels/index.html]
[demos.jquerymobile.com/1.3.0/docs/widgets/panels/widgets/popup/index.html]
[demos.jquerymobile.com/1.3.0/docs/widgets/panels/widgets/radiobuttons/index.html]
[demos.jquerymobile.com/1.3.0/docs/widgets/panels/widgets/selects/index.html]
[demos.jquerymobile.com/1.3.0/docs/widgets/panels/widgets/sliders/index.html]
[demos.jquerymobile.com/1.3.0/docs/widgets/panels/widgets/sliders/rangeslider.html]
[demos.jquerymobile.com/1.3.0/docs/widgets/panels/widgets/table-column-toggle/index.html]
[demos.jquerymobile.com/1.3.0/docs/widgets/panels/widgets/table-reflow/index.html]
[demos.jquerymobile.com/1.3.0/docs/widgets/panels/widgets/textinputs/index.html]
[demos.jquerymobile.com/1.3.0/docs/widgets/panels/widgets/transitions/index.html]
[demos.jquerymobile.com/1.3.0/docs/widgets/panels/examples/collapsibles/dynamic-collapsible.html]
[demos.jquerymobile.com/1.3.0/docs/widgets/panels/examples/controlgroups/dynamic-controlgroup.html]
[demos.jquerymobile.com/1.3.0/docs/widgets/panels/examples/listviews/grid-listview.html]
[demos.jquerymobile.com/1.3.0/docs/widgets/panels/examples/listviews/autodividers-linkbar.html]
[demos.jquerymobile.com/1.3.0/docs/widgets/panels/examples/listviews/autodividers-selector.html]
[demos.jquerymobile.com/1.3.0/docs/widgets/panels/examples/backbone-require/index.html]
[demos.jquerymobile.com/1.3.0/docs/widgets/panels/examples/redirect/index.html]
[demos.jquerymobile.com/1.3.0/docs/widgets/panels/examples/panels/panel-styling.html]
[demos.jquerymobile.com/1.3.0/docs/widgets/panels/examples/panels/panel-swipe-open.html]
[demos.jquerymobile.com/1.3.0/docs/widgets/panels/examples/popups/dynamic-popup.html]
[demos.jquerymobile.com/1.3.0/docs/widgets/panels/examples/popups/arrow.html]
[demos.jquerymobile.com/1.3.0/docs/widgets/panels/examples/tables/movie-list.html]
[demos.jquerymobile.com/1.3.0/docs/widgets/panels/examples/tables/financial-grouped-reflow.html]
[demos.jquerymobile.com/1.3.0/docs/widgets/panels/examples/tables/movie-list-toggle-options.html]
[demos.jquerymobile.com/1.3.0/docs/widgets/panels/examples/tables/financial-grouped-columns.html]
[demos.jquerymobile.com/1.3.0/docs/widgets/panels/examples/tables/phone-compare.html]
[demos.jquerymobile.com/1.3.0/docs/widgets/panels/examples/slider/tooltip.html]
[demos.jquerymobile.com/1.3.0/docs/widgets/panels/examples/swipe/swipe-page.html]
[demos.jquerymobile.com/1.3.0/docs/widgets/panels/examples/swipe/swipe-list.html]
[demos.jquerymobile.com/1.3.0/docs/widgets/panels/faq/question-template.html]
[demos.jquerymobile.com/1.3.0/docs/widgets/panels/faq/updating-the-value-of-enhanced-form-elements-does-not-work.html]
[demos.jquerymobile.com/1.3.0/docs/widgets/panels/faq/my-html-5-inputs-look-different-in-browsers.html]
[demos.jquerymobile.com/1.3.0/docs/widgets/panels/faq/my-range-search-input-type-is-being-changed.html]
[demos.jquerymobile.com/1.3.0/docs/widgets/panels/faq/sometimes-custom-select-shows-as-dialog-popup.html]
[demos.jquerymobile.com/1.3.0/docs/widgets/panels/faq/disabling-a-button-does-not-work.html]
[demos.jquerymobile.com/1.3.0/docs/widgets/panels/faq/controls-in-header-footer.html]
[demos.jquerymobile.com/1.3.0/docs/widgets/panels/faq/scripts-and-styles-not-loading.html]
[demos.jquerymobile.com/1.3.0/docs/widgets/panels/faq/dom-ready-not-working.html]
[demos.jquerymobile.com/1.3.0/docs/widgets/panels/faq/how-do-i-load-a-page.html]
[demos.jquerymobile.com/1.3.0/docs/widgets/panels/faq/why-is-only-the-first-page-loaded.html]
[demos.jquerymobile.com/1.3.0/docs/widgets/panels/faq/pass-query-params-to-page.html]
[demos.jquerymobile.com/1.3.0/docs/widgets/panels/faq/pass-via-the-hash-to-page.html]
[demos.jquerymobile.com/1.3.0/docs/widgets/panels/faq/the-application-cache-is-not-working.html]
[demos.jquerymobile.com/1.3.0/docs/widgets/panels/faq/injected-content-is-not-enhanced.html]
[demos.jquerymobile.com/1.3.0/docs/widgets/panels/faq/triggering-create-on-injected-content-does-not-work.html]
[demos.jquerymobile.com/1.3.0/docs/widgets/panels/faq/how-can-i-stop-auto-enhancement-of-elements.html]
[demos.jquerymobile.com/1.3.0/docs/widgets/panels/faq/how-can-i-stop-auto-enhancement-of-a-block-of-elements.html]
[demos.jquerymobile.com/1.3.0/docs/widgets/panels/faq/how-do-i-control-page-titles.html]
[demos.jquerymobile.com/1.3.0/docs/widgets/panels/faq/how-do-i-use-touch-mouse-events.html]
[demos.jquerymobile.com/1.3.0/docs/widgets/panels/faq/how-does-theming-work.html]
[demos.jquerymobile.com/1.3.0/docs/widgets/panels/faq/how-configure-phonegap-cordova.html]
[demos.jquerymobile.com/1.3.0/docs/widgets/panels/intro/index.html]
[demos.jquerymobile.com/1.3.0/docs/widgets/panels/intro/index.html]
[demos.jquerymobile.com/1.3.0/docs/widgets/panels/examples/index.html]
[demos.jquerymobile.com/1.3.0/docs/widgets/panels/examples/index.html]
[demos.jquerymobile.com/1.3.0/docs/widgets/panels/faq/index.html]
[demos.jquerymobile.com/1.3.0/docs/widgets/panels/faq/index.html]
[demos.jquerymobile.com/1.3.0/docs/widgets/panels/intro/rwd.html]
